{
  "RSpec": {
    "coverage": {
      "/home/calvo/School/Week6&7/library_app/app/jobs/application_job.rb": [
        0,
        0
      ],
      "/home/calvo/School/Week6&7/library_app/app/controllers/application_controller.rb": [
        0,
        0
      ],
      "/home/calvo/School/Week6&7/library_app/app/channels/application_cable/channel.rb": [
        0,
        0,
        0,
        0
      ],
      "/home/calvo/School/Week6&7/library_app/app/channels/application_cable/connection.rb": [
        0,
        0,
        0,
        0
      ],
      "/home/calvo/School/Week6&7/library_app/app/models/application_record.rb": [
        0,
        0,
        0
      ],
      "/home/calvo/School/Week6&7/library_app/app/mailers/application_mailer.rb": [
        0,
        0,
        0,
        0
      ],
      "/home/calvo/School/Week6&7/library_app/app/helpers/application_helper.rb": [
        0,
        0
      ]
    },
    "timestamp": 1552907745
  },
  "Cucumber Features": {
    "coverage": {
      "/home/calvo/School/Week6&7/library_app/app/jobs/application_job.rb": [
        0,
        0
      ],
      "/home/calvo/School/Week6&7/library_app/app/controllers/application_controller.rb": [
        0,
        0
      ],
      "/home/calvo/School/Week6&7/library_app/app/channels/application_cable/channel.rb": [
        0,
        0,
        0,
        0
      ],
      "/home/calvo/School/Week6&7/library_app/app/channels/application_cable/connection.rb": [
        0,
        0,
        0,
        0
      ],
      "/home/calvo/School/Week6&7/library_app/app/models/application_record.rb": [
        0,
        0,
        0
      ],
      "/home/calvo/School/Week6&7/library_app/app/mailers/application_mailer.rb": [
        0,
        0,
        0,
        0
      ],
      "/home/calvo/School/Week6&7/library_app/app/helpers/application_helper.rb": [
        0,
        0
      ]
    },
    "timestamp": 1552907767
  }
}
